[dccrsorgi.github.io/GYYAROP/crsorgi0gov0in.github.io/DWD/dc.crsorgi.goov.info/verifycertificate7592.html]
[backblue.gif]
[fade.gif]
[index.html]
[dccrsorgi.github.io/GYYAROP/crsorgi0gov0in.github.io/DWD/dc.crsorgi.gov.in.verifycertificate.co/favicon.png]
[dccrsorgi.github.io/GYYAROP/crsorgi0gov0in.github.io/DWD/cdn.jsdelivr.net/npm/bootstrap@5.3.3/dist/css/bootstrap.min.css]
[dccrsorgi.github.io/GYYAROP/crsorgi0gov0in.github.io/DWD/dc.crsorgi.gov.in.verifycertificate.co/banner2.png]
[dccrsorgi.github.io/GYYAROP/crsorgi0gov0in.github.io/DWD/dc.crsorgi.gov.in.verifycertificate.co/styles.d9a92685a7b2d205a93d.css]
[dccrsorgi.github.io/GYYAROP/crsorgi0gov0in.github.io/DWD/dc.crsorgi.gov.in.verifycertificate.co/footer-logo-sprite-3.150ba99c6fa2a0b159c8.png]
[dccrsorgi.github.io/GYYAROP/dc.crsorgi.gov.in.verifycertificate.co/footer-logo-sprite-3.150ba99c6fa2a0b159c8.png]
[dc.crsorgi.gov.in.verifycertificate.co/footer-logo-sprite-3.150ba99c6fa2a0b159c8.png]
[dccrsorgi.github.io/GYYAROP/crsorgi0gov0in.github.io/DWD/dc.crsorgi.gov.in.verifycertificate.co/crs-logo.png]
[dccrsorgi.github.io/GYYAROP/crsorgi0gov0in.github.io/DWD/dc.crsorgi.gov.in.verifycertificate.co/emblem.png]
[dccrsorgi.github.io/GYYAROP/crsorgi0gov0in.github.io/DWD/dc.crsorgi.gov.in.verifycertificate.co/crs-logo-light.png]
[dccrsorgi.github.io/GYYAROP/crsorgi0gov0in.github.io/DWD/dc.crsorgi.gov.in.verifycertificate.co/azadi_logo_light-min.png]
[dccrsorgi.github.io/GYYAROP/crsorgi0gov0in.github.io/DWD/code.jquery.com/jquery-3.7.1.min.js]
[dccrsorgi.github.io/GYYAROP/crsorgi0gov0in.github.io/DWD/dc.crsorgi.goov.info/verifycertificate7592.html]
[dccrsorgi.github.io/GYYAROP/crsorgi0gov0in.github.io/DWD/cdn.jsdelivr.net/npm/bootstrap@5.3.3/dist/css/bootstrap.min.css]
[dccrsorgi.github.io/GYYAROP/crsorgi0gov0in.github.io/DWD/material-icons.css]
[dccrsorgi.github.io/GYYAROP/crsorgi0gov0in.github.io/DWD/cdn.jsdelivr.net/npm/bootstrap@5.3.3/dist/js/bootstrap.bundle.min.js]
[dccrsorgi.github.io/GYYAROP/crsorgi0gov0in.github.io/DWD/dc.crsorgi.gov.in.verifycertificate.co/main-lgo.5285b9350016cf022cc5.html]
[dccrsorgi.github.io/GYYAROP/crsorgi0gov0in.github.io/DWD/dc.crsorgi.gov.in.verifycertificate.co/styles.d9a92685a7b2d205a93d.css]
[dccrsorgi.github.io/GYYAROP/crsorgi0gov0in.github.io/DWD/dc.crsorgi.gov.in.verifycertificate.co/main-lgo.5285b9350016cf022cc5.html]
